2021-06-03 22:25:27.813 -INFO- null [null] boot_proc = [] proc_sys = [nablarch-example-web] req_id = [null] usr_id = [null] initialized.
	WRITER NAME        = [writer.monitorFile]
	WRITER CLASS       = [nablarch.core.log.basic.FileLogWriter]
	FORMATTER CLASS    = [nablarch.core.log.basic.BasicLogFormatter]
	LEVEL              = [null]
	FILE PATH          = [./monitor.log]
	ENCODING           = [UTF-8]
	OUTPUT BUFFER SIZE = [8000]
	FILE AUTO CHANGE   = [false]
	MAX FILE SIZE      = [0]
	CURRENT FILE SIZE  = [0]
2021-06-03 22:25:27.821 -INFO- null [null] boot_proc = [] proc_sys = [nablarch-example-web] req_id = [null] usr_id = [null] initialized.
	LOGGER = [MON] NAME REGEX = [MONITOR] LEVEL = [ERROR]
2021-06-03 22:25:55.934 -INFO- null [null] boot_proc = [] proc_sys = [nablarch-example-web] req_id = [null] usr_id = [null] initialized.
	WRITER NAME        = [writer.monitorFile]
	WRITER CLASS       = [nablarch.core.log.basic.FileLogWriter]
	FORMATTER CLASS    = [nablarch.core.log.basic.BasicLogFormatter]
	LEVEL              = [null]
	FILE PATH          = [./monitor.log]
	ENCODING           = [UTF-8]
	OUTPUT BUFFER SIZE = [8000]
	FILE AUTO CHANGE   = [false]
	MAX FILE SIZE      = [0]
	CURRENT FILE SIZE  = [721]
2021-06-03 22:25:55.943 -INFO- null [null] boot_proc = [] proc_sys = [nablarch-example-web] req_id = [null] usr_id = [null] initialized.
	LOGGER = [MON] NAME REGEX = [MONITOR] LEVEL = [ERROR]
2021-06-04 19:48:13.771 -INFO- null [null] boot_proc = [] proc_sys = [nablarch-example-web] req_id = [null] usr_id = [null] initialized.
	WRITER NAME        = [writer.monitorFile]
	WRITER CLASS       = [nablarch.core.log.basic.FileLogWriter]
	FORMATTER CLASS    = [nablarch.core.log.basic.BasicLogFormatter]
	LEVEL              = [null]
	FILE PATH          = [./monitor.log]
	ENCODING           = [UTF-8]
	OUTPUT BUFFER SIZE = [8000]
	FILE AUTO CHANGE   = [false]
	MAX FILE SIZE      = [0]
	CURRENT FILE SIZE  = [1444]
2021-06-04 19:48:13.780 -INFO- null [null] boot_proc = [] proc_sys = [nablarch-example-web] req_id = [null] usr_id = [null] initialized.
	LOGGER = [MON] NAME REGEX = [MONITOR] LEVEL = [ERROR]
2021-06-04 20:25:37.185 -INFO- null [null] boot_proc = [] proc_sys = [nablarch-example-web] req_id = [null] usr_id = [null] initialized.
	WRITER NAME        = [writer.monitorFile]
	WRITER CLASS       = [nablarch.core.log.basic.FileLogWriter]
	FORMATTER CLASS    = [nablarch.core.log.basic.BasicLogFormatter]
	LEVEL              = [null]
	FILE PATH          = [./monitor.log]
	ENCODING           = [UTF-8]
	OUTPUT BUFFER SIZE = [8000]
	FILE AUTO CHANGE   = [false]
	MAX FILE SIZE      = [0]
	CURRENT FILE SIZE  = [2168]
2021-06-04 20:25:37.192 -INFO- null [null] boot_proc = [] proc_sys = [nablarch-example-web] req_id = [null] usr_id = [null] initialized.
	LOGGER = [MON] NAME REGEX = [MONITOR] LEVEL = [ERROR]
2021-06-04 20:30:51.410 -INFO- null [null] boot_proc = [] proc_sys = [nablarch-example-web] req_id = [null] usr_id = [null] initialized.
	WRITER NAME        = [writer.monitorFile]
	WRITER CLASS       = [nablarch.core.log.basic.FileLogWriter]
	FORMATTER CLASS    = [nablarch.core.log.basic.BasicLogFormatter]
	LEVEL              = [null]
	FILE PATH          = [./monitor.log]
	ENCODING           = [UTF-8]
	OUTPUT BUFFER SIZE = [8000]
	FILE AUTO CHANGE   = [false]
	MAX FILE SIZE      = [0]
	CURRENT FILE SIZE  = [2892]
2021-06-04 20:30:51.417 -INFO- null [null] boot_proc = [] proc_sys = [nablarch-example-web] req_id = [null] usr_id = [null] initialized.
	LOGGER = [MON] NAME REGEX = [MONITOR] LEVEL = [ERROR]
2021-06-04 20:32:40.653 -INFO- null [null] boot_proc = [] proc_sys = [nablarch-example-web] req_id = [null] usr_id = [null] initialized.
	WRITER NAME        = [writer.monitorFile]
	WRITER CLASS       = [nablarch.core.log.basic.FileLogWriter]
	FORMATTER CLASS    = [nablarch.core.log.basic.BasicLogFormatter]
	LEVEL              = [null]
	FILE PATH          = [./monitor.log]
	ENCODING           = [UTF-8]
	OUTPUT BUFFER SIZE = [8000]
	FILE AUTO CHANGE   = [false]
	MAX FILE SIZE      = [0]
	CURRENT FILE SIZE  = [3616]
2021-06-04 20:32:40.658 -INFO- null [null] boot_proc = [] proc_sys = [nablarch-example-web] req_id = [null] usr_id = [null] initialized.
	LOGGER = [MON] NAME REGEX = [MONITOR] LEVEL = [ERROR]
2021-06-04 20:37:52.066 -INFO- null [null] boot_proc = [] proc_sys = [nablarch-example-web] req_id = [null] usr_id = [null] initialized.
	WRITER NAME        = [writer.monitorFile]
	WRITER CLASS       = [nablarch.core.log.basic.FileLogWriter]
	FORMATTER CLASS    = [nablarch.core.log.basic.BasicLogFormatter]
	LEVEL              = [null]
	FILE PATH          = [./monitor.log]
	ENCODING           = [UTF-8]
	OUTPUT BUFFER SIZE = [8000]
	FILE AUTO CHANGE   = [false]
	MAX FILE SIZE      = [0]
	CURRENT FILE SIZE  = [4340]
2021-06-04 20:37:52.073 -INFO- null [null] boot_proc = [] proc_sys = [nablarch-example-web] req_id = [null] usr_id = [null] initialized.
	LOGGER = [MON] NAME REGEX = [MONITOR] LEVEL = [ERROR]
2021-06-04 20:45:42.603 -INFO- null [null] boot_proc = [] proc_sys = [nablarch-example-web] req_id = [null] usr_id = [null] initialized.
	WRITER NAME        = [writer.monitorFile]
	WRITER CLASS       = [nablarch.core.log.basic.FileLogWriter]
	FORMATTER CLASS    = [nablarch.core.log.basic.BasicLogFormatter]
	LEVEL              = [null]
	FILE PATH          = [./monitor.log]
	ENCODING           = [UTF-8]
	OUTPUT BUFFER SIZE = [8000]
	FILE AUTO CHANGE   = [false]
	MAX FILE SIZE      = [0]
	CURRENT FILE SIZE  = [5064]
2021-06-04 20:45:42.610 -INFO- null [null] boot_proc = [] proc_sys = [nablarch-example-web] req_id = [null] usr_id = [null] initialized.
	LOGGER = [MON] NAME REGEX = [MONITOR] LEVEL = [ERROR]
2021-06-04 20:51:49.213 -FATAL- MONITOR [202106042051489900006] boot_proc = [] proc_sys = [nablarch-example-web] req_id = [/action/tutorial/index] usr_id = [105] fail_code = [MSG99999] an unexpected exception occurred.
2021-06-04 20:53:35.030 -FATAL- MONITOR [202106042053350100007] boot_proc = [] proc_sys = [nablarch-example-web] req_id = [/action/tutorial/index] usr_id = [105] fail_code = [MSG99999] an unexpected exception occurred.
2021-06-04 20:53:36.253 -FATAL- MONITOR [202106042053362430008] boot_proc = [] proc_sys = [nablarch-example-web] req_id = [/action/tutorial/index] usr_id = [105] fail_code = [MSG99999] an unexpected exception occurred.
2021-06-04 20:53:38.331 -FATAL- MONITOR [202106042053383240010] boot_proc = [] proc_sys = [nablarch-example-web] req_id = [/action/tutorial/index] usr_id = [105] fail_code = [MSG99999] an unexpected exception occurred.
